<?xml version="1.0" encoding="UTF-8" ?>
<testsuite tests="18" failures="18" name="com.bandtec.projeto.lista.desafio3.FaculdadeTest" time="0.016" errors="0" skipped="0">
  <properties>
    <property name="java.runtime.name" value="Java(TM) SE Runtime Environment"/>
    <property name="java.vm.version" value="17.0.2+8-LTS-86"/>
    <property name="sun.boot.library.path" value="C:\Program Files\Java\jdk-17.0.2\bin"/>
    <property name="maven.multiModuleProjectDirectory" value="C:\Users\renata.melo\OneDrive - Linx SA\Área de Trabalho\learn\projeto-lista-desafio-aluno"/>
    <property name="java.vm.vendor" value="Oracle Corporation"/>
    <property name="java.vendor.url" value="https://java.oracle.com/"/>
    <property name="guice.disable.misplaced.annotation.check" value="true"/>
    <property name="path.separator" value=";"/>
    <property name="java.vm.name" value="Java HotSpot(TM) 64-Bit Server VM"/>
    <property name="sun.os.patch.level" value=""/>
    <property name="user.script" value=""/>
    <property name="user.country" value="BR"/>
    <property name="sun.java.launcher" value="SUN_STANDARD"/>
    <property name="java.vm.specification.name" value="Java Virtual Machine Specification"/>
    <property name="user.dir" value="C:\Users\renata.melo\OneDrive - Linx SA\Área de Trabalho\learn\projeto-lista-desafio-aluno"/>
    <property name="java.vm.compressedOopsMode" value="Zero based"/>
    <property name="java.runtime.version" value="17.0.2+8-LTS-86"/>
    <property name="os.arch" value="amd64"/>
    <property name="java.io.tmpdir" value="C:\Users\RENATA~1.MEL\AppData\Local\Temp\"/>
    <property name="line.separator" value="
"/>
    <property name="java.vm.specification.vendor" value="Oracle Corporation"/>
    <property name="user.variant" value=""/>
    <property name="os.name" value="Windows 10"/>
    <property name="maven.ext.class.path" value="C:\Program Files\NetBeans-13\netbeans\java\maven-nblib\netbeans-eventspy.jar"/>
    <property name="classworlds.conf" value="C:\Program Files\NetBeans-13\netbeans\java\maven\bin\m2.conf"/>
    <property name="sun.jnu.encoding" value="Cp1252"/>
    <property name="java.library.path" value="C:\Program Files\Java\jdk-17.0.2\bin;C:\windows\Sun\Java\bin;C:\windows\system32;C:\windows;C:\Program Files\Common Files\Oracle\Java\javapath;C:\Program Files (x86)\Microsoft SDKs\Azure\CLI2\wbin;C:\Program Files (x86)\Common Files\Oracle\Java\javapath;C:\windows\system32;C:\windows;C:\windows\System32\Wbem;C:\windows\System32\WindowsPowerShell\v1.0\;C:\windows\System32\OpenSSH\;C:\Program Files\PuTTY\;C:\Program Files\Git\cmd;C:\Program Files\Amazon\AWSCLIV2\;C:\Users\renata.melo\AppData\Local\Microsoft\WindowsApps;;C:\Users\renata.melo\AppData\Local\Programs\Microsoft VS Code\bin;."/>
    <property name="maven.conf" value="C:\Program Files\NetBeans-13\netbeans\java\maven/conf"/>
    <property name="jdk.debug" value="release"/>
    <property name="java.class.version" value="61.0"/>
    <property name="java.specification.name" value="Java Platform API Specification"/>
    <property name="sun.management.compiler" value="HotSpot 64-Bit Tiered Compilers"/>
    <property name="os.version" value="10.0"/>
    <property name="library.jansi.path" value="C:\Program Files\NetBeans-13\netbeans\java\maven\lib\jansi-native"/>
    <property name="user.home" value="C:\Users\renata.melo"/>
    <property name="user.timezone" value="America/Sao_Paulo"/>
    <property name="file.encoding" value="UTF-8"/>
    <property name="java.specification.version" value="17"/>
    <property name="user.name" value="renata.melo"/>
    <property name="java.class.path" value="C:\Program Files\NetBeans-13\netbeans\java\maven\boot\plexus-classworlds-2.6.0.jar"/>
    <property name="java.vm.specification.version" value="17"/>
    <property name="sun.arch.data.model" value="64"/>
    <property name="sun.java.command" value="org.codehaus.plexus.classworlds.launcher.Launcher -Dmaven.ext.class.path=C:\Program Files\NetBeans-13\netbeans\java\maven-nblib\netbeans-eventspy.jar -Dfile.encoding=UTF-8 clean install"/>
    <property name="java.home" value="C:\Program Files\Java\jdk-17.0.2"/>
    <property name="user.language" value="pt"/>
    <property name="java.specification.vendor" value="Oracle Corporation"/>
    <property name="java.vm.info" value="mixed mode, sharing"/>
    <property name="java.version" value="17.0.2"/>
    <property name="native.encoding" value="Cp1252"/>
    <property name="java.vendor" value="Oracle Corporation"/>
    <property name="maven.home" value="C:\Program Files\NetBeans-13\netbeans\java\maven"/>
    <property name="file.separator" value="\"/>
    <property name="java.version.date" value="2022-01-18"/>
    <property name="java.vendor.url.bug" value="https://bugreport.java.com/bugreport/"/>
    <property name="sun.io.unicode.encoding" value="UnicodeLittle"/>
    <property name="sun.cpu.endian" value="little"/>
    <property name="sun.cpu.isalist" value="amd64"/>
  </properties>
  <testcase classname="com.bandtec.projeto.lista.desafio3.FaculdadeTest" name="com.bandtec.projeto.lista.desafio3.FaculdadeTest.testGetQuantidadeAlunosComMatriculaCanceladaQuandoAcionadoEListaNaoPossuiAlunosComMatriculaCanceladaDeveRetornar0" time="0.007">
    <failure message="Cannot invoke &quot;java.util.List.size()&quot; because &quot;this.alunos&quot; is null" type="java.lang.NullPointerException">java.lang.NullPointerException: Cannot invoke &quot;java.util.List.size()&quot; because &quot;this.alunos&quot; is null
	at com.bandtec.projeto.lista.desafio3.Faculdade.existsAlunoPorNome(Faculdade.java:18)
	at com.bandtec.projeto.lista.desafio3.Faculdade.matricularAluno(Faculdade.java:34)
	at com.bandtec.projeto.lista.desafio3.FaculdadeTest.matricularAlunos(FaculdadeTest.java:151)
	at com.bandtec.projeto.lista.desafio3.FaculdadeTest.testGetQuantidadeAlunosComMatriculaCanceladaQuandoAcionadoEListaNaoPossuiAlunosComMatriculaCanceladaDeveRetornar0(FaculdadeTest.java:129)
</failure>
  </testcase>
  <testcase classname="com.bandtec.projeto.lista.desafio3.FaculdadeTest" name="com.bandtec.projeto.lista.desafio3.FaculdadeTest.testCancelarMatriculaQuandoAcionadoComValorNuloNaoDeveAlterarQuantidadeDeAlunoComMatriculaCancelada" time="0">
    <failure message="Cannot invoke &quot;java.util.List.size()&quot; because &quot;this.alunos&quot; is null" type="java.lang.NullPointerException">java.lang.NullPointerException: Cannot invoke &quot;java.util.List.size()&quot; because &quot;this.alunos&quot; is null
	at com.bandtec.projeto.lista.desafio3.Faculdade.existsAlunoPorNome(Faculdade.java:18)
	at com.bandtec.projeto.lista.desafio3.Faculdade.matricularAluno(Faculdade.java:34)
	at com.bandtec.projeto.lista.desafio3.FaculdadeTest.matricularAlunos(FaculdadeTest.java:151)
	at com.bandtec.projeto.lista.desafio3.FaculdadeTest.testCancelarMatriculaQuandoAcionadoComValorNuloNaoDeveAlterarQuantidadeDeAlunoComMatriculaCancelada(FaculdadeTest.java:67)
</failure>
  </testcase>
  <testcase classname="com.bandtec.projeto.lista.desafio3.FaculdadeTest" name="com.bandtec.projeto.lista.desafio3.FaculdadeTest.testCancelarMatriculaQuandoAcionadoComValorExistenteDeveAlterarQuantidadeDeAlunoComMatriculaCancelada" time="0">
    <failure message="Cannot invoke &quot;java.util.List.size()&quot; because &quot;this.alunos&quot; is null" type="java.lang.NullPointerException">java.lang.NullPointerException: Cannot invoke &quot;java.util.List.size()&quot; because &quot;this.alunos&quot; is null
	at com.bandtec.projeto.lista.desafio3.Faculdade.existsAlunoPorNome(Faculdade.java:18)
	at com.bandtec.projeto.lista.desafio3.Faculdade.matricularAluno(Faculdade.java:34)
	at com.bandtec.projeto.lista.desafio3.FaculdadeTest.matricularAlunos(FaculdadeTest.java:151)
	at com.bandtec.projeto.lista.desafio3.FaculdadeTest.testCancelarMatriculaQuandoAcionadoComValorExistenteDeveAlterarQuantidadeDeAlunoComMatriculaCancelada(FaculdadeTest.java:75)
</failure>
  </testcase>
  <testcase classname="com.bandtec.projeto.lista.desafio3.FaculdadeTest" name="com.bandtec.projeto.lista.desafio3.FaculdadeTest.testGetQuantidadeAlunosComMatriculaCanceladaQuandoAcionadoEListaPossui1AlunoComMatriculaCanceladaDeveRetornar1" time="0">
    <failure message="Cannot invoke &quot;java.util.List.size()&quot; because &quot;this.alunos&quot; is null" type="java.lang.NullPointerException">java.lang.NullPointerException: Cannot invoke &quot;java.util.List.size()&quot; because &quot;this.alunos&quot; is null
	at com.bandtec.projeto.lista.desafio3.Faculdade.existsAlunoPorNome(Faculdade.java:18)
	at com.bandtec.projeto.lista.desafio3.Faculdade.matricularAluno(Faculdade.java:34)
	at com.bandtec.projeto.lista.desafio3.FaculdadeTest.matricularAlunos(FaculdadeTest.java:151)
	at com.bandtec.projeto.lista.desafio3.FaculdadeTest.testGetQuantidadeAlunosComMatriculaCanceladaQuandoAcionadoEListaPossui1AlunoComMatriculaCanceladaDeveRetornar1(FaculdadeTest.java:136)
</failure>
  </testcase>
  <testcase classname="com.bandtec.projeto.lista.desafio3.FaculdadeTest" name="com.bandtec.projeto.lista.desafio3.FaculdadeTest.testGetQuantidadeAlunosComMatriculaCanceladaQuandoAcionadoEListaEstaVaziaDeveRetornar0" time="0.001">
    <failure message="Cannot invoke &quot;java.util.List.size()&quot; because &quot;this.alunos&quot; is null" type="java.lang.NullPointerException">java.lang.NullPointerException: Cannot invoke &quot;java.util.List.size()&quot; because &quot;this.alunos&quot; is null
	at com.bandtec.projeto.lista.desafio3.Faculdade.getQuantidadeAlunosComMatriculaCancelada(Faculdade.java:85)
	at com.bandtec.projeto.lista.desafio3.FaculdadeTest.testGetQuantidadeAlunosComMatriculaCanceladaQuandoAcionadoEListaEstaVaziaDeveRetornar0(FaculdadeTest.java:123)
</failure>
  </testcase>
  <testcase classname="com.bandtec.projeto.lista.desafio3.FaculdadeTest" name="com.bandtec.projeto.lista.desafio3.FaculdadeTest.testCancelarMatriculaQuandoAcionadoEListaEstaVaziaDeveRetornar0AoAcionarGetCancelados" time="0">
    <failure message="Cannot invoke &quot;java.util.List.size()&quot; because &quot;this.alunos&quot; is null" type="java.lang.NullPointerException">java.lang.NullPointerException: Cannot invoke &quot;java.util.List.size()&quot; because &quot;this.alunos&quot; is null
	at com.bandtec.projeto.lista.desafio3.Faculdade.cancelarMatricula(Faculdade.java:44)
	at com.bandtec.projeto.lista.desafio3.FaculdadeTest.testCancelarMatriculaQuandoAcionadoEListaEstaVaziaDeveRetornar0AoAcionarGetCancelados(FaculdadeTest.java:60)
</failure>
  </testcase>
  <testcase classname="com.bandtec.projeto.lista.desafio3.FaculdadeTest" name="com.bandtec.projeto.lista.desafio3.FaculdadeTest.testGetQuantidadeAlunosQuandoAcionadoEListaEstaVaziaDevRetornar0" time="0.001">
    <failure message="Cannot invoke &quot;java.util.List.size()&quot; because &quot;this.alunos&quot; is null" type="java.lang.NullPointerException">java.lang.NullPointerException: Cannot invoke &quot;java.util.List.size()&quot; because &quot;this.alunos&quot; is null
	at com.bandtec.projeto.lista.desafio3.Faculdade.getQuantidadeAlunos(Faculdade.java:57)
	at com.bandtec.projeto.lista.desafio3.FaculdadeTest.testGetQuantidadeAlunosQuandoAcionadoEListaEstaVaziaDevRetornar0(FaculdadeTest.java:83)
</failure>
  </testcase>
  <testcase classname="com.bandtec.projeto.lista.desafio3.FaculdadeTest" name="com.bandtec.projeto.lista.desafio3.FaculdadeTest.testGetQuantidadeAlunosPorSemestreQuandoAcionadoCom2DeveRetornar2" time="0.001">
    <failure message="Cannot invoke &quot;java.util.List.size()&quot; because &quot;this.alunos&quot; is null" type="java.lang.NullPointerException">java.lang.NullPointerException: Cannot invoke &quot;java.util.List.size()&quot; because &quot;this.alunos&quot; is null
	at com.bandtec.projeto.lista.desafio3.Faculdade.existsAlunoPorNome(Faculdade.java:18)
	at com.bandtec.projeto.lista.desafio3.Faculdade.matricularAluno(Faculdade.java:34)
	at com.bandtec.projeto.lista.desafio3.FaculdadeTest.matricularAlunos(FaculdadeTest.java:151)
	at com.bandtec.projeto.lista.desafio3.FaculdadeTest.testGetQuantidadeAlunosPorSemestreQuandoAcionadoCom2DeveRetornar2(FaculdadeTest.java:116)
</failure>
  </testcase>
  <testcase classname="com.bandtec.projeto.lista.desafio3.FaculdadeTest" name="com.bandtec.projeto.lista.desafio3.FaculdadeTest.testExistsAlunoPorNomeQuandoAcionadoComValorNuloDeveRetornarFalso" time="0.001">
    <failure message="Cannot invoke &quot;java.util.List.size()&quot; because &quot;this.alunos&quot; is null" type="java.lang.NullPointerException">java.lang.NullPointerException: Cannot invoke &quot;java.util.List.size()&quot; because &quot;this.alunos&quot; is null
	at com.bandtec.projeto.lista.desafio3.Faculdade.existsAlunoPorNome(Faculdade.java:18)
	at com.bandtec.projeto.lista.desafio3.Faculdade.matricularAluno(Faculdade.java:34)
	at com.bandtec.projeto.lista.desafio3.FaculdadeTest.matricularAlunos(FaculdadeTest.java:151)
	at com.bandtec.projeto.lista.desafio3.FaculdadeTest.testExistsAlunoPorNomeQuandoAcionadoComValorNuloDeveRetornarFalso(FaculdadeTest.java:16)
</failure>
  </testcase>
  <testcase classname="com.bandtec.projeto.lista.desafio3.FaculdadeTest" name="com.bandtec.projeto.lista.desafio3.FaculdadeTest.testExistsAlunoPorNomeQuandoAcionadoComValorInexistenteDeveRetornarFalso" time="0">
    <failure message="Cannot invoke &quot;java.util.List.size()&quot; because &quot;this.alunos&quot; is null" type="java.lang.NullPointerException">java.lang.NullPointerException: Cannot invoke &quot;java.util.List.size()&quot; because &quot;this.alunos&quot; is null
	at com.bandtec.projeto.lista.desafio3.Faculdade.existsAlunoPorNome(Faculdade.java:18)
	at com.bandtec.projeto.lista.desafio3.Faculdade.matricularAluno(Faculdade.java:34)
	at com.bandtec.projeto.lista.desafio3.FaculdadeTest.matricularAlunos(FaculdadeTest.java:151)
	at com.bandtec.projeto.lista.desafio3.FaculdadeTest.testExistsAlunoPorNomeQuandoAcionadoComValorInexistenteDeveRetornarFalso(FaculdadeTest.java:23)
</failure>
  </testcase>
  <testcase classname="com.bandtec.projeto.lista.desafio3.FaculdadeTest" name="com.bandtec.projeto.lista.desafio3.FaculdadeTest.testMatricularAlunoQuandoAcionadoComValorDuplicadoNaoDeveAlterarTamanhoDaLista" time="0.001">
    <failure message="Cannot invoke &quot;java.util.List.size()&quot; because &quot;this.alunos&quot; is null" type="java.lang.NullPointerException">java.lang.NullPointerException: Cannot invoke &quot;java.util.List.size()&quot; because &quot;this.alunos&quot; is null
	at com.bandtec.projeto.lista.desafio3.Faculdade.existsAlunoPorNome(Faculdade.java:18)
	at com.bandtec.projeto.lista.desafio3.Faculdade.matricularAluno(Faculdade.java:34)
	at com.bandtec.projeto.lista.desafio3.FaculdadeTest.matricularAlunos(FaculdadeTest.java:151)
	at com.bandtec.projeto.lista.desafio3.FaculdadeTest.testMatricularAlunoQuandoAcionadoComValorDuplicadoNaoDeveAlterarTamanhoDaLista(FaculdadeTest.java:44)
</failure>
  </testcase>
  <testcase classname="com.bandtec.projeto.lista.desafio3.FaculdadeTest" name="com.bandtec.projeto.lista.desafio3.FaculdadeTest.testMatricularAlunoQuandoAcionadoComValorUnicoDeveAlterarTamanhoDaLista" time="0.001">
    <failure message="Cannot invoke &quot;java.util.List.size()&quot; because &quot;this.alunos&quot; is null" type="java.lang.NullPointerException">java.lang.NullPointerException: Cannot invoke &quot;java.util.List.size()&quot; because &quot;this.alunos&quot; is null
	at com.bandtec.projeto.lista.desafio3.Faculdade.existsAlunoPorNome(Faculdade.java:18)
	at com.bandtec.projeto.lista.desafio3.Faculdade.matricularAluno(Faculdade.java:34)
	at com.bandtec.projeto.lista.desafio3.FaculdadeTest.matricularAlunos(FaculdadeTest.java:151)
	at com.bandtec.projeto.lista.desafio3.FaculdadeTest.testMatricularAlunoQuandoAcionadoComValorUnicoDeveAlterarTamanhoDaLista(FaculdadeTest.java:52)
</failure>
  </testcase>
  <testcase classname="com.bandtec.projeto.lista.desafio3.FaculdadeTest" name="com.bandtec.projeto.lista.desafio3.FaculdadeTest.testGetQuantidadeAlunosQuandoAcionadoEListaPossui4AlunosDevRetornar4" time="0">
    <failure message="Cannot invoke &quot;java.util.List.size()&quot; because &quot;this.alunos&quot; is null" type="java.lang.NullPointerException">java.lang.NullPointerException: Cannot invoke &quot;java.util.List.size()&quot; because &quot;this.alunos&quot; is null
	at com.bandtec.projeto.lista.desafio3.Faculdade.existsAlunoPorNome(Faculdade.java:18)
	at com.bandtec.projeto.lista.desafio3.Faculdade.matricularAluno(Faculdade.java:34)
	at com.bandtec.projeto.lista.desafio3.FaculdadeTest.matricularAlunos(FaculdadeTest.java:151)
	at com.bandtec.projeto.lista.desafio3.FaculdadeTest.testGetQuantidadeAlunosQuandoAcionadoEListaPossui4AlunosDevRetornar4(FaculdadeTest.java:89)
</failure>
  </testcase>
  <testcase classname="com.bandtec.projeto.lista.desafio3.FaculdadeTest" name="com.bandtec.projeto.lista.desafio3.FaculdadeTest.testExistsAlunoPorNomeQuandoAcionadoComValorExistenteDeveRetornarVerdadeiro" time="0.001">
    <failure message="Cannot invoke &quot;java.util.List.size()&quot; because &quot;this.alunos&quot; is null" type="java.lang.NullPointerException">java.lang.NullPointerException: Cannot invoke &quot;java.util.List.size()&quot; because &quot;this.alunos&quot; is null
	at com.bandtec.projeto.lista.desafio3.Faculdade.existsAlunoPorNome(Faculdade.java:18)
	at com.bandtec.projeto.lista.desafio3.Faculdade.matricularAluno(Faculdade.java:34)
	at com.bandtec.projeto.lista.desafio3.FaculdadeTest.matricularAlunos(FaculdadeTest.java:151)
	at com.bandtec.projeto.lista.desafio3.FaculdadeTest.testExistsAlunoPorNomeQuandoAcionadoComValorExistenteDeveRetornarVerdadeiro(FaculdadeTest.java:30)
</failure>
  </testcase>
  <testcase classname="com.bandtec.projeto.lista.desafio3.FaculdadeTest" name="com.bandtec.projeto.lista.desafio3.FaculdadeTest.testMatricularAlunoQuandoAcionadoComValorNuloNaoDeveAlterarTamanhoDaLista" time="0.001">
    <failure message="Cannot invoke &quot;com.bandtec.projeto.lista.desafio3.Aluno.getNome()&quot; because &quot;alunoRenata&quot; is null" type="java.lang.NullPointerException">java.lang.NullPointerException: Cannot invoke &quot;com.bandtec.projeto.lista.desafio3.Aluno.getNome()&quot; because &quot;alunoRenata&quot; is null
	at com.bandtec.projeto.lista.desafio3.Faculdade.matricularAluno(Faculdade.java:34)
	at com.bandtec.projeto.lista.desafio3.FaculdadeTest.testMatricularAlunoQuandoAcionadoComValorNuloNaoDeveAlterarTamanhoDaLista(FaculdadeTest.java:37)
</failure>
  </testcase>
  <testcase classname="com.bandtec.projeto.lista.desafio3.FaculdadeTest" name="com.bandtec.projeto.lista.desafio3.FaculdadeTest.testGetQuantidadeAlunosPorSemestreQuandoAcionadoComValorNuloDeveRetornar0" time="0">
    <failure message="Cannot invoke &quot;java.util.List.size()&quot; because &quot;this.alunos&quot; is null" type="java.lang.NullPointerException">java.lang.NullPointerException: Cannot invoke &quot;java.util.List.size()&quot; because &quot;this.alunos&quot; is null
	at com.bandtec.projeto.lista.desafio3.Faculdade.existsAlunoPorNome(Faculdade.java:18)
	at com.bandtec.projeto.lista.desafio3.Faculdade.matricularAluno(Faculdade.java:34)
	at com.bandtec.projeto.lista.desafio3.FaculdadeTest.matricularAlunos(FaculdadeTest.java:151)
	at com.bandtec.projeto.lista.desafio3.FaculdadeTest.testGetQuantidadeAlunosPorSemestreQuandoAcionadoComValorNuloDeveRetornar0(FaculdadeTest.java:102)
</failure>
  </testcase>
  <testcase classname="com.bandtec.projeto.lista.desafio3.FaculdadeTest" name="com.bandtec.projeto.lista.desafio3.FaculdadeTest.testGetQuantidadeAlunosPorSemestreQuandoAcionadoComValorInexistenteDeveRetornar0" time="0">
    <failure message="Cannot invoke &quot;java.util.List.size()&quot; because &quot;this.alunos&quot; is null" type="java.lang.NullPointerException">java.lang.NullPointerException: Cannot invoke &quot;java.util.List.size()&quot; because &quot;this.alunos&quot; is null
	at com.bandtec.projeto.lista.desafio3.Faculdade.existsAlunoPorNome(Faculdade.java:18)
	at com.bandtec.projeto.lista.desafio3.Faculdade.matricularAluno(Faculdade.java:34)
	at com.bandtec.projeto.lista.desafio3.FaculdadeTest.matricularAlunos(FaculdadeTest.java:151)
	at com.bandtec.projeto.lista.desafio3.FaculdadeTest.testGetQuantidadeAlunosPorSemestreQuandoAcionadoComValorInexistenteDeveRetornar0(FaculdadeTest.java:109)
</failure>
  </testcase>
  <testcase classname="com.bandtec.projeto.lista.desafio3.FaculdadeTest" name="com.bandtec.projeto.lista.desafio3.FaculdadeTest.testGetQuantidadeAlunosPorSemestreQuandoAcionadoEListaEstaVaziaDeveRetornar0" time="0.001">
    <failure message="Cannot invoke &quot;java.util.List.size()&quot; because &quot;this.alunos&quot; is null" type="java.lang.NullPointerException">java.lang.NullPointerException: Cannot invoke &quot;java.util.List.size()&quot; because &quot;this.alunos&quot; is null
	at com.bandtec.projeto.lista.desafio3.Faculdade.getQuantidadeAlunosPorSemestre(Faculdade.java:69)
	at com.bandtec.projeto.lista.desafio3.FaculdadeTest.testGetQuantidadeAlunosPorSemestreQuandoAcionadoEListaEstaVaziaDeveRetornar0(FaculdadeTest.java:96)
</failure>
  </testcase>
</testsuite>