<?xml version="1.0" encoding="UTF-8"?>
<testsuite xmlns:xsi="http://www.w3.org/2001/XMLSchema-instance" xsi:noNamespaceSchemaLocation="https://maven.apache.org/surefire/maven-surefire-plugin/xsd/surefire-test-report.xsd" name="school.sptech.projeto1.heranca.CarrinhoTest" time="0.09" tests="22" errors="3" skipped="0" failures="2">
  <properties>
    <property name="java.specification.version" value="17"/>
    <property name="sun.cpu.isalist" value="amd64"/>
    <property name="sun.jnu.encoding" value="Cp1252"/>
    <property name="java.class.path" value="C:\Users\renata.melo\OneDrive - Linx SA\Área de Trabalho\learn\SP-TECH\projeto1-heranca-incompleto\target\test-classes;C:\Users\renata.melo\OneDrive - Linx SA\Área de Trabalho\learn\SP-TECH\projeto1-heranca-incompleto\target\classes;C:\Users\renata.melo\.m2\repository\org\junit\jupiter\junit-jupiter-api\5.8.2\junit-jupiter-api-5.8.2.jar;C:\Users\renata.melo\.m2\repository\org\opentest4j\opentest4j\1.2.0\opentest4j-1.2.0.jar;C:\Users\renata.melo\.m2\repository\org\junit\platform\junit-platform-commons\1.8.2\junit-platform-commons-1.8.2.jar;C:\Users\renata.melo\.m2\repository\org\apiguardian\apiguardian-api\1.1.2\apiguardian-api-1.1.2.jar;C:\Users\renata.melo\.m2\repository\org\junit\jupiter\junit-jupiter-params\5.8.2\junit-jupiter-params-5.8.2.jar;C:\Users\renata.melo\.m2\repository\org\junit\jupiter\junit-jupiter-engine\5.8.2\junit-jupiter-engine-5.8.2.jar;C:\Users\renata.melo\.m2\repository\org\junit\platform\junit-platform-engine\1.8.2\junit-platform-engine-1.8.2.jar;"/>
    <property name="java.vm.vendor" value="Oracle Corporation"/>
    <property name="sun.arch.data.model" value="64"/>
    <property name="user.variant" value=""/>
    <property name="java.vendor.url" value="https://java.oracle.com/"/>
    <property name="user.timezone" value="America/Sao_Paulo"/>
    <property name="os.name" value="Windows 10"/>
    <property name="java.vm.specification.version" value="17"/>
    <property name="user.country" value="BR"/>
    <property name="sun.java.launcher" value="SUN_STANDARD"/>
    <property name="sun.boot.library.path" value="C:\Program Files\Java\jdk-17.0.2\bin"/>
    <property name="sun.java.command" value="C:\Users\RENATA~1.MEL\AppData\Local\Temp\surefire15136832417377539559\surefirebooter7887099306793620246.jar C:\Users\renata.melo\AppData\Local\Temp\surefire15136832417377539559 2022-05-26T15-36-38_159-jvmRun1 surefire1695026447728516199tmp surefire_06748442707145485077tmp"/>
    <property name="jdk.debug" value="release"/>
    <property name="surefire.test.class.path" value="C:\Users\renata.melo\OneDrive - Linx SA\Área de Trabalho\learn\SP-TECH\projeto1-heranca-incompleto\target\test-classes;C:\Users\renata.melo\OneDrive - Linx SA\Área de Trabalho\learn\SP-TECH\projeto1-heranca-incompleto\target\classes;C:\Users\renata.melo\.m2\repository\org\junit\jupiter\junit-jupiter-api\5.8.2\junit-jupiter-api-5.8.2.jar;C:\Users\renata.melo\.m2\repository\org\opentest4j\opentest4j\1.2.0\opentest4j-1.2.0.jar;C:\Users\renata.melo\.m2\repository\org\junit\platform\junit-platform-commons\1.8.2\junit-platform-commons-1.8.2.jar;C:\Users\renata.melo\.m2\repository\org\apiguardian\apiguardian-api\1.1.2\apiguardian-api-1.1.2.jar;C:\Users\renata.melo\.m2\repository\org\junit\jupiter\junit-jupiter-params\5.8.2\junit-jupiter-params-5.8.2.jar;C:\Users\renata.melo\.m2\repository\org\junit\jupiter\junit-jupiter-engine\5.8.2\junit-jupiter-engine-5.8.2.jar;C:\Users\renata.melo\.m2\repository\org\junit\platform\junit-platform-engine\1.8.2\junit-platform-engine-1.8.2.jar;"/>
    <property name="sun.cpu.endian" value="little"/>
    <property name="user.home" value="C:\Users\renata.melo"/>
    <property name="user.language" value="pt"/>
    <property name="java.specification.vendor" value="Oracle Corporation"/>
    <property name="java.version.date" value="2022-01-18"/>
    <property name="java.home" value="C:\Program Files\Java\jdk-17.0.2"/>
    <property name="file.separator" value="\"/>
    <property name="basedir" value="C:\Users\renata.melo\OneDrive - Linx SA\Área de Trabalho\learn\SP-TECH\projeto1-heranca-incompleto"/>
    <property name="java.vm.compressedOopsMode" value="Zero based"/>
    <property name="line.separator" value="&#10;"/>
    <property name="java.vm.specification.vendor" value="Oracle Corporation"/>
    <property name="java.specification.name" value="Java Platform API Specification"/>
    <property name="surefire.real.class.path" value="C:\Users\RENATA~1.MEL\AppData\Local\Temp\surefire15136832417377539559\surefirebooter7887099306793620246.jar"/>
    <property name="user.script" value=""/>
    <property name="sun.management.compiler" value="HotSpot 64-Bit Tiered Compilers"/>
    <property name="java.runtime.version" value="17.0.2+8-LTS-86"/>
    <property name="user.name" value="renata.melo"/>
    <property name="path.separator" value=";"/>
    <property name="os.version" value="10.0"/>
    <property name="java.runtime.name" value="Java(TM) SE Runtime Environment"/>
    <property name="file.encoding" value="UTF-8"/>
    <property name="java.vm.name" value="Java HotSpot(TM) 64-Bit Server VM"/>
    <property name="maven.ext.class.path" value="C:\Program Files\NetBeans-13\netbeans\java\maven-nblib\netbeans-eventspy.jar"/>
    <property name="localRepository" value="C:\Users\renata.melo\.m2\repository"/>
    <property name="java.vendor.url.bug" value="https://bugreport.java.com/bugreport/"/>
    <property name="java.io.tmpdir" value="C:\Users\RENATA~1.MEL\AppData\Local\Temp\"/>
    <property name="java.version" value="17.0.2"/>
    <property name="user.dir" value="C:\Users\renata.melo\OneDrive - Linx SA\Área de Trabalho\learn\SP-TECH\projeto1-heranca-incompleto"/>
    <property name="os.arch" value="amd64"/>
    <property name="java.vm.specification.name" value="Java Virtual Machine Specification"/>
    <property name="sun.os.patch.level" value=""/>
    <property name="native.encoding" value="Cp1252"/>
    <property name="java.library.path" value="C:\Program Files\Java\jdk-17.0.2\bin;C:\windows\Sun\Java\bin;C:\windows\system32;C:\windows;C:\Program Files\Common Files\Oracle\Java\javapath;C:\Program Files (x86)\Microsoft SDKs\Azure\CLI2\wbin;C:\Program Files (x86)\Common Files\Oracle\Java\javapath;C:\windows\system32;C:\windows;C:\windows\System32\Wbem;C:\windows\System32\WindowsPowerShell\v1.0\;C:\windows\System32\OpenSSH\;C:\Program Files\PuTTY\;C:\Program Files\Git\cmd;C:\Program Files\Amazon\AWSCLIV2\;C:\Users\renata.melo\AppData\Local\Microsoft\WindowsApps;;C:\Users\renata.melo\AppData\Local\Programs\Microsoft VS Code\bin;."/>
    <property name="java.vm.info" value="mixed mode, sharing"/>
    <property name="java.vendor" value="Oracle Corporation"/>
    <property name="java.vm.version" value="17.0.2+8-LTS-86"/>
    <property name="sun.io.unicode.encoding" value="UnicodeLittle"/>
    <property name="java.class.version" value="61.0"/>
  </properties>
  <testcase name="quandoItensNaoDuplicadosFindNomeRepetidosDeveRetornarUmaListaVazia" classname="school.sptech.projeto1.heranca.CarrinhoTest" time="0.03"/>
  <testcase name="dadoUmValorValidoMetodoAdicionarProdutoDeveAdicionarOProdutoNoCarrinho" classname="school.sptech.projeto1.heranca.CarrinhoTest" time="0.001"/>
  <testcase name="quandoLivrariECaixaAltaRemoverTodosOsProdutosDaCategoriaDeveRemoverOsProdutosCorrespondentes" classname="school.sptech.projeto1.heranca.CarrinhoTest" time="0.008">
    <failure message="expected: &lt;false&gt; but was: &lt;true&gt;" type="org.opentest4j.AssertionFailedError"><![CDATA[org.opentest4j.AssertionFailedError: expected: <false> but was: <true>
	at school.sptech.projeto1.heranca.CarrinhoTest.quandoLivrariECaixaAltaRemoverTodosOsProdutosDaCategoriaDeveRemoverOsProdutosCorrespondentes(CarrinhoTest.java:201)
]]></failure>
  </testcase>
  <testcase name="dadoUmValorInvalidoMetodoAdicionarProdutoNaoDeveAdicionarOProdutoNoCarrinho" classname="school.sptech.projeto1.heranca.CarrinhoTest" time="0.001"/>
  <testcase name="quandoNomeInvalidoMetodoFindProdutoPeloNomeDeveRetornarNull" classname="school.sptech.projeto1.heranca.CarrinhoTest" time="0.001"/>
  <testcase name="quandoIndiceInvalidoMetodoFindProdutoPeloIndiceDeveRetornarNull" classname="school.sptech.projeto1.heranca.CarrinhoTest" time="0"/>
  <testcase name="quandoNomeValidoCaixaBaixaMetodoFindProdutoPeloNomeDeveRetornarOProdutoEncontrado" classname="school.sptech.projeto1.heranca.CarrinhoTest" time="0"/>
  <testcase name="quandoItensDuplicadosFindNomeRepetidosDeveRetornarAListaDeNomesDuplicados" classname="school.sptech.projeto1.heranca.CarrinhoTest" time="0.001"/>
  <testcase name="aoPassarUmValorValidoMetodoRemoverProdutoDeveRemoverOProdutoDaLista" classname="school.sptech.projeto1.heranca.CarrinhoTest" time="0.001"/>
  <testcase name="aoAdicionarProdutosMetodoParcelarProdutoDeveCalcularOValorDosItensParceladoEmTresVezes" classname="school.sptech.projeto1.heranca.CarrinhoTest" time="0.001"/>
  <testcase name="quando4ProdutosInternacionaisAdicionadosMetodoCountProdutosInternacionaisDeveRetornar4" classname="school.sptech.projeto1.heranca.CarrinhoTest" time="0.001"/>
  <testcase name="quandoCategoriaInvalidaMetodoFindProdutoPorCategoriaDeveRetornarUmaListaVazia" classname="school.sptech.projeto1.heranca.CarrinhoTest" time="0"/>
  <testcase name="quandoIndiceValidoMetodoFindProdutoPeloIndiceDeveRetornarOProdutoEncontrado" classname="school.sptech.projeto1.heranca.CarrinhoTest" time="0"/>
  <testcase name="quandoCategoriaValidaECaixaAltaMetodoFindProdutoPorCategoriaDeveRetornarOsProdutosEncontrados" classname="school.sptech.projeto1.heranca.CarrinhoTest" time="0"/>
  <testcase name="quandoIdTresMetodoFindProdutoPorIdDeveRetornarOProdutoCorrespondente" classname="school.sptech.projeto1.heranca.CarrinhoTest" time="0.008">
    <error type="java.lang.StackOverflowError">java.lang.StackOverflowError
</error>
  </testcase>
  <testcase name="quandoNomeValidoMetodoFindProdutoPeloNomeDeveRetornarOProdutoEncontrado" classname="school.sptech.projeto1.heranca.CarrinhoTest" time="0.001"/>
  <testcase name="aoAdicionarProdutosMetodoCalcularTotalDeveCalcularOValorDosItensDoCarrinho" classname="school.sptech.projeto1.heranca.CarrinhoTest" time="0"/>
  <testcase name="quandoVideogameRemoverTodosOsProdutosDaCategoriaDeveRemoverOsProdutosCorrespondentes" classname="school.sptech.projeto1.heranca.CarrinhoTest" time="0">
    <failure message="expected: &lt;false&gt; but was: &lt;true&gt;" type="org.opentest4j.AssertionFailedError"><![CDATA[org.opentest4j.AssertionFailedError: expected: <false> but was: <true>
	at school.sptech.projeto1.heranca.CarrinhoTest.quandoVideogameRemoverTodosOsProdutosDaCategoriaDeveRemoverOsProdutosCorrespondentes(CarrinhoTest.java:193)
]]></failure>
  </testcase>
  <testcase name="quandoIdQuarentaEDoisMetodoFindProdutoPorIdDeveRetornarOProdutoCorrespondente" classname="school.sptech.projeto1.heranca.CarrinhoTest" time="0.005">
    <error type="java.lang.StackOverflowError">java.lang.StackOverflowError
</error>
  </testcase>
  <testcase name="quandoCategoriaValidaMetodoFindProdutoPorCategoriaDeveRetornarOsProdutosEncontrados" classname="school.sptech.projeto1.heranca.CarrinhoTest" time="0.001"/>
  <testcase name="quandoProdutosInternacionaisNaoAdicionadosMetodoCountProdutosInternacionaisDeveRetornar0" classname="school.sptech.projeto1.heranca.CarrinhoTest" time="0.001"/>
  <testcase name="quandoIdQuatroENomeGarfoMetodoUpdateNomeProdutoPeloIdDeveMudarONomeDoProdutoCorrepondente" classname="school.sptech.projeto1.heranca.CarrinhoTest" time="0.006">
    <error type="java.lang.StackOverflowError">java.lang.StackOverflowError
</error>
  </testcase>
</testsuite>